::1 - - [10/Jan/2018:20:26:03 +0800] "GET / HTTP/1.1" 200 3226
::1 - - [10/Jan/2018:20:26:03 +0800] "GET /images/template_img/template_05.jpg HTTP/1.1" 404 233
::1 - - [10/Jan/2018:20:26:03 +0800] "GET /images/template_img/template_02.jpg HTTP/1.1" 404 233
::1 - - [10/Jan/2018:20:26:03 +0800] "GET /context/context00.php HTTP/1.1" 200 4025
::1 - - [10/Jan/2018:20:26:03 +0800] "GET /images/template_img/template_04.jpg HTTP/1.1" 404 233
::1 - - [10/Jan/2018:20:26:03 +0800] "GET /favicon.ico HTTP/1.1" 404 209
::1 - - [10/Jan/2018:20:26:05 +0800] "GET /left-menu/base-menu.php HTTP/1.1" 200 2185
::1 - - [10/Jan/2018:20:26:06 +0800] "GET /context/context11.php HTTP/1.1" 200 4478
::1 - - [10/Jan/2018:20:26:06 +0800] "POST /lib/get_job_title.php HTTP/1.1" 200 266
::1 - - [10/Jan/2018:20:26:09 +0800] "GET /context/context12.php HTTP/1.1" 200 3713
::1 - - [10/Jan/2018:20:26:28 +0800] "GET / HTTP/1.1" 200 3226
::1 - - [10/Jan/2018:20:26:28 +0800] "GET /context/context00.php HTTP/1.1" 200 4025
::1 - - [10/Jan/2018:20:26:28 +0800] "GET /images/template_img/template_02.jpg HTTP/1.1" 404 233
::1 - - [10/Jan/2018:20:26:28 +0800] "GET /images/template_img/template_04.jpg HTTP/1.1" 404 233
::1 - - [10/Jan/2018:20:26:28 +0800] "GET /images/template_img/template_05.jpg HTTP/1.1" 404 233
::1 - - [10/Jan/2018:20:28:41 +0800] "GET /favicon.ico HTTP/1.1" 404 209
::1 - - [10/Jan/2018:20:33:55 +0800] "GET /left-menu/base-menu.php HTTP/1.1" 200 2185
::1 - - [10/Jan/2018:20:33:56 +0800] "GET /context/context12.php HTTP/1.1" 200 4478
::1 - - [10/Jan/2018:20:33:57 +0800] "POST /lib/get_job_title.php HTTP/1.1" 200 266
::1 - - [10/Jan/2018:20:38:54 +0800] "GET /context/context13.php HTTP/1.1" 200 5666
::1 - - [10/Jan/2018:20:38:54 +0800] "POST /lib/get_jt_comb.php?value=0 HTTP/1.1" 200 247
::1 - - [10/Jan/2018:20:38:54 +0800] "POST /lib/get_dep_comb.php?value=0 HTTP/1.1" 200 40
::1 - - [10/Jan/2018:20:38:54 +0800] "POST /lib/get_user.php HTTP/1.1" 200 291
::1 - - [10/Jan/2018:20:38:55 +0800] "GET /context/context11.php HTTP/1.1" 200 4478
::1 - - [10/Jan/2018:20:38:55 +0800] "POST /lib/get_job_title.php HTTP/1.1" 200 266
::1 - - [10/Jan/2018:20:38:56 +0800] "GET /context/context12.php HTTP/1.1" 200 4533
::1 - - [10/Jan/2018:20:38:56 +0800] "POST /lib/get_job_title.php HTTP/1.1" 200 266
::1 - - [10/Jan/2018:20:39:09 +0800] "GET /phpmyadmin/ HTTP/1.1" 200 7976
::1 - - [10/Jan/2018:20:39:09 +0800] "GET /phpmyadmin/js/get_image.js.php?theme=pmahomme HTTP/1.1" 200 6263
::1 - - [10/Jan/2018:20:39:09 +0800] "GET /phpmyadmin/js/messages.php?lang=zh_TW&db=&server=0&token=8f924b77c108df4e7d877d7553269260 HTTP/1.1" 200 16674
::1 - - [10/Jan/2018:20:39:09 +0800] "GET /phpmyadmin/js/get_scripts.js.php?scripts[]=jquery/jquery-1.8.3.js&scripts[]=ajax.js&scripts[]=keyhandler.js&scripts[]=jquery/jquery-ui-1.9.2.custom.js&scripts[]=jquery/jquery.sprintf.js&scripts[]=jquery/jquery.cookie.js&scripts[]=jquery/jquery.mousewheel.js&scripts[]=jquery/jquery.event.drag-2.2.js&scripts[]=jquery/jquery-ui-timepicker-addon.js&scripts[]=jquery/jquery.ba-hashchange-1.3.js&scripts[]=jquery/jquery.debounce-1.0.5.js&scripts[]=jquery/jquery.menuResizer-1.0.js&scripts[]=rte.js&scripts[]=functions.js&scripts[]=navigation.js&scripts[]=indexes.js&scripts[]=common.js&scripts[]=codemirror/lib/codemirror.js&scripts[]=codemirror/mode/mysql/mysql.js HTTP/1.1" 200 578562
::1 - - [10/Jan/2018:20:39:09 +0800] "GET /phpmyadmin/phpmyadmin.css.php?server=1&token=ad914544da01632c2e7a8de1c5051ab2&nocache=4125131112ltr HTTP/1.1" 200 88608
::1 - - [10/Jan/2018:20:39:15 +0800] "POST /phpmyadmin/index.php HTTP/1.1" 302 -
::1 - - [10/Jan/2018:20:39:15 +0800] "GET /phpmyadmin/index.php?token=ad914544da01632c2e7a8de1c5051ab2 HTTP/1.1" 200 43629
::1 - - [10/Jan/2018:20:39:15 +0800] "GET /phpmyadmin/phpmyadmin.css.php?server=1&token=ad914544da01632c2e7a8de1c5051ab2&nocache=5640719067ltr HTTP/1.1" 200 88608
::1 - - [10/Jan/2018:20:39:15 +0800] "GET /phpmyadmin/js/messages.php?lang=zh_TW&db=&server=0&token=ad914544da01632c2e7a8de1c5051ab2 HTTP/1.1" 200 16674
::1 - - [10/Jan/2018:20:39:15 +0800] "GET /phpmyadmin/version_check.php?&_nocache=1515587955781323092 HTTP/1.1" 200 39
::1 - - [10/Jan/2018:20:39:22 +0800] "GET /phpmyadmin/db_structure.php?server=1&db=jash_websi&token=ad914544da01632c2e7a8de1c5051ab2&ajax_request=true&ajax_page_request=true&menuHashes=24005031&_nocache=1515587962869884333 HTTP/1.1" 200 22230
::1 - - [10/Jan/2018:20:39:23 +0800] "GET /phpmyadmin/js/get_scripts.js.php?scripts[]=db_structure.js&scripts[]=tbl_change.js HTTP/1.1" 200 12382
::1 - - [10/Jan/2018:20:39:29 +0800] "GET /phpmyadmin/sql.php?db=jash_websi&token=ad914544da01632c2e7a8de1c5051ab2&goto=db_structure.php&table=department&pos=0&ajax_request=true&ajax_page_request=true&menuHashes=24005031-dc894ff4&_nocache=1515587969468830279 HTTP/1.1" 200 21280
::1 - - [10/Jan/2018:20:39:29 +0800] "GET /phpmyadmin/themes/pmahomme/img/s_fulltext.png HTTP/1.1" 200 193
::1 - - [10/Jan/2018:20:39:29 +0800] "GET /phpmyadmin/js/get_scripts.js.php?scripts[]=tbl_structure.js&scripts[]=gis_data_editor.js&scripts[]=makegrid.js&scripts[]=sql.js HTTP/1.1" 200 50287
::1 - - [10/Jan/2018:20:39:29 +0800] "GET /phpmyadmin/themes/pmahomme/img/col_pointer.png HTTP/1.1" 200 113
::1 - - [10/Jan/2018:20:39:29 +0800] "GET /phpmyadmin/themes/pmahomme/img/col_drop.png HTTP/1.1" 200 132
::1 - - [10/Jan/2018:20:39:29 +0800] "GET /phpmyadmin/index.php?ajax_request=1&recent_table=1&token=ad914544da01632c2e7a8de1c5051ab2 HTTP/1.1" 200 241
::1 - - [10/Jan/2018:20:39:36 +0800] "GET /phpmyadmin/tbl_export.php?db=jash_websi&table=department&token=ad914544da01632c2e7a8de1c5051ab2&single_table=true&ajax_request=true&ajax_page_request=true&menuHashes=24005031-dc894ff4-25d903bb&_nocache=1515587976861566199 HTTP/1.1" 200 38682
::1 - - [10/Jan/2018:20:39:37 +0800] "GET /phpmyadmin/js/get_scripts.js.php?scripts[]=export.js HTTP/1.1" 200 5954
::1 - - [10/Jan/2018:20:39:37 +0800] "GET /phpmyadmin/index.php?ajax_request=1&recent_table=1&token=ad914544da01632c2e7a8de1c5051ab2 HTTP/1.1" 200 241
::1 - - [10/Jan/2018:20:39:41 +0800] "POST /phpmyadmin/export.php HTTP/1.1" 200 1156
::1 - - [10/Jan/2018:20:40:07 +0800] "GET /phpmyadmin/tbl_structure.php?db=jash_websi&table=department&token=ad914544da01632c2e7a8de1c5051ab2&ajax_request=true&ajax_page_request=true&menuHashes=24005031-dc894ff4-25d903bb-38b4323b&_nocache=1515588007395223058 HTTP/1.1" 200 30750
::1 - - [10/Jan/2018:20:40:07 +0800] "GET /phpmyadmin/index.php?ajax_request=1&recent_table=1&token=ad914544da01632c2e7a8de1c5051ab2 HTTP/1.1" 200 241
::1 - - [10/Jan/2018:20:40:16 +0800] "GET /phpmyadmin/sql.php?db=jash_websi&table=department&token=ad914544da01632c2e7a8de1c5051ab2&ajax_request=true&ajax_page_request=true&menuHashes=24005031-dc894ff4-25d903bb-38b4323b-d2937119&_nocache=1515588016138959262 HTTP/1.1" 200 18043
::1 - - [10/Jan/2018:20:40:16 +0800] "GET /phpmyadmin/index.php?ajax_request=1&recent_table=1&token=ad914544da01632c2e7a8de1c5051ab2 HTTP/1.1" 200 241
::1 - - [10/Jan/2018:20:43:07 +0800] "GET /phpmyadmin/tbl_change.php?db=jash_websi&table=department&where_clause=%60department%60.%60id%60+%3D+1&clause_is_unique=1&sql_query=SELECT+%2A+FROM+%60department%60&goto=sql.php&default_action=update&token=ad914544da01632c2e7a8de1c5051ab2&ajax_request=true&ajax_page_request=true&menuHashes=24005031-dc894ff4-25d903bb-38b4323b-d2937119&_nocache=1515588187380998611 HTTP/1.1" 200 20126
::1 - - [10/Jan/2018:20:43:07 +0800] "GET /phpmyadmin/index.php?ajax_request=1&recent_table=1&token=ad914544da01632c2e7a8de1c5051ab2 HTTP/1.1" 200 241
::1 - - [10/Jan/2018:20:43:11 +0800] "POST /phpmyadmin/tbl_replace.php HTTP/1.1" 200 18075
::1 - - [10/Jan/2018:20:43:11 +0800] "GET /phpmyadmin/index.php?ajax_request=1&recent_table=1&token=ad914544da01632c2e7a8de1c5051ab2 HTTP/1.1" 200 241
::1 - - [10/Jan/2018:20:43:17 +0800] "GET /phpmyadmin/db_structure.php?db=jash_websi&token=ad914544da01632c2e7a8de1c5051ab2&ajax_request=true&ajax_page_request=true&menuHashes=24005031-dc894ff4-25d903bb-38b4323b-d2937119-759ede87&_nocache=1515588197899310793 HTTP/1.1" 200 18948
::1 - - [10/Jan/2018:20:43:21 +0800] "GET /phpmyadmin/tbl_change.php?db=jash_websi&token=ad914544da01632c2e7a8de1c5051ab2&goto=db_structure.php&table=department&ajax_request=true&ajax_page_request=true&menuHashes=24005031-dc894ff4-25d903bb-38b4323b-d2937119-759ede87&_nocache=1515588201355300069 HTTP/1.1" 200 29178
::1 - - [10/Jan/2018:20:43:21 +0800] "GET /phpmyadmin/index.php?ajax_request=1&recent_table=1&token=ad914544da01632c2e7a8de1c5051ab2 HTTP/1.1" 200 241
::1 - - [10/Jan/2018:20:43:34 +0800] "POST /phpmyadmin/tbl_replace.php HTTP/1.1" 200 25839
::1 - - [10/Jan/2018:20:43:35 +0800] "GET /phpmyadmin/index.php?ajax_request=1&recent_table=1&token=ad914544da01632c2e7a8de1c5051ab2 HTTP/1.1" 200 241
::1 - - [10/Jan/2018:20:43:38 +0800] "GET /phpmyadmin/sql.php?db=jash_websi&token=ad914544da01632c2e7a8de1c5051ab2&goto=db_structure.php&table=department&pos=0&ajax_request=true&ajax_page_request=true&menuHashes=24005031-dc894ff4-25d903bb-38b4323b-d2937119-759ede87-10a70e80&_nocache=1515588218148687417 HTTP/1.1" 200 21957
::1 - - [10/Jan/2018:20:43:38 +0800] "GET /phpmyadmin/index.php?ajax_request=1&recent_table=1&token=ad914544da01632c2e7a8de1c5051ab2 HTTP/1.1" 200 241
::1 - - [10/Jan/2018:20:43:51 +0800] "GET /phpmyadmin/tbl_change.php?db=jash_websi&table=department&where_clause=%60department%60.%60id%60+%3D+2&clause_is_unique=1&sql_query=SELECT+%2A+FROM+%60department%60&goto=sql.php&default_action=update&token=ad914544da01632c2e7a8de1c5051ab2&ajax_request=true&ajax_page_request=true&menuHashes=24005031-dc894ff4-25d903bb-38b4323b-d2937119-759ede87-10a70e80&_nocache=1515588231156539658 HTTP/1.1" 200 16868
::1 - - [10/Jan/2018:20:43:51 +0800] "GET /phpmyadmin/index.php?ajax_request=1&recent_table=1&token=ad914544da01632c2e7a8de1c5051ab2 HTTP/1.1" 200 241
::1 - - [10/Jan/2018:20:43:55 +0800] "POST /phpmyadmin/tbl_replace.php HTTP/1.1" 200 25089
::1 - - [10/Jan/2018:20:43:55 +0800] "GET /phpmyadmin/index.php?ajax_request=1&recent_table=1&token=ad914544da01632c2e7a8de1c5051ab2 HTTP/1.1" 200 241
::1 - - [10/Jan/2018:20:45:33 +0800] "GET /phpmyadmin/db_structure.php?server=1&db=jash_websi&token=ad914544da01632c2e7a8de1c5051ab2&ajax_request=true&ajax_page_request=true&menuHashes=24005031-dc894ff4-25d903bb-38b4323b-d2937119-759ede87-10a70e80&_nocache=1515588333195984082 HTTP/1.1" 200 18950
::1 - - [10/Jan/2018:20:45:38 +0800] "GET /phpmyadmin/tbl_change.php?db=jash_websi&token=ad914544da01632c2e7a8de1c5051ab2&goto=db_structure.php&table=department&ajax_request=true&ajax_page_request=true&menuHashes=24005031-dc894ff4-25d903bb-38b4323b-d2937119-759ede87-10a70e80&_nocache=1515588338380752660 HTTP/1.1" 200 29178
::1 - - [10/Jan/2018:20:45:38 +0800] "GET /phpmyadmin/index.php?ajax_request=1&recent_table=1&token=ad914544da01632c2e7a8de1c5051ab2 HTTP/1.1" 200 241
::1 - - [10/Jan/2018:20:45:50 +0800] "POST /phpmyadmin/tbl_replace.php HTTP/1.1" 200 22619
::1 - - [10/Jan/2018:20:45:50 +0800] "GET /phpmyadmin/index.php?ajax_request=1&recent_table=1&token=ad914544da01632c2e7a8de1c5051ab2 HTTP/1.1" 200 241
::1 - - [10/Jan/2018:20:45:54 +0800] "GET /phpmyadmin/sql.php?db=jash_websi&token=ad914544da01632c2e7a8de1c5051ab2&goto=db_structure.php&table=department&pos=0&ajax_request=true&ajax_page_request=true&menuHashes=24005031-dc894ff4-25d903bb-38b4323b-d2937119-759ede87-10a70e80&_nocache=1515588354259535252 HTTP/1.1" 200 24496
::1 - - [10/Jan/2018:20:45:54 +0800] "GET /phpmyadmin/index.php?ajax_request=1&recent_table=1&token=ad914544da01632c2e7a8de1c5051ab2 HTTP/1.1" 200 241
::1 - - [10/Jan/2018:20:46:05 +0800] "GET /phpmyadmin/tbl_change.php?db=jash_websi&table=department&where_clause=%60department%60.%60id%60+%3D+3&clause_is_unique=1&sql_query=SELECT+%2A+FROM+%60department%60&goto=sql.php&default_action=update&token=ad914544da01632c2e7a8de1c5051ab2&ajax_request=true&ajax_page_request=true&menuHashes=24005031-dc894ff4-25d903bb-38b4323b-d2937119-759ede87-10a70e80&_nocache=1515588365109585002 HTTP/1.1" 200 16871
::1 - - [10/Jan/2018:20:46:05 +0800] "GET /phpmyadmin/index.php?ajax_request=1&recent_table=1&token=ad914544da01632c2e7a8de1c5051ab2 HTTP/1.1" 200 241
::1 - - [10/Jan/2018:20:46:14 +0800] "POST /phpmyadmin/tbl_replace.php HTTP/1.1" 200 27624
::1 - - [10/Jan/2018:20:46:14 +0800] "GET /phpmyadmin/index.php?ajax_request=1&recent_table=1&token=ad914544da01632c2e7a8de1c5051ab2 HTTP/1.1" 200 241
::1 - - [10/Jan/2018:20:46:26 +0800] "GET /phpmyadmin/db_structure.php?server=1&db=jash_websi&token=ad914544da01632c2e7a8de1c5051ab2&ajax_request=true&ajax_page_request=true&menuHashes=24005031-dc894ff4-25d903bb-38b4323b-d2937119-759ede87-10a70e80&_nocache=1515588386500427529 HTTP/1.1" 200 18952
::1 - - [10/Jan/2018:20:46:30 +0800] "GET /phpmyadmin/sql.php?db=jash_websi&token=ad914544da01632c2e7a8de1c5051ab2&goto=db_structure.php&table=department&sql_query=TRUNCATE+%60department%60&message_to_show=%E5%B7%B2%E6%B8%85%E7%A9%BA%E8%A1%A8+department&is_js_confirmed=1&ajax_request=true&_nocache=1515588390342632379 HTTP/1.1" 200 1692
::1 - - [10/Jan/2018:20:46:33 +0800] "GET /phpmyadmin/sql.php?db=jash_websi&token=ad914544da01632c2e7a8de1c5051ab2&goto=db_structure.php&table=department&pos=0&ajax_request=true&ajax_page_request=true&menuHashes=24005031-dc894ff4-25d903bb-38b4323b-d2937119-759ede87-10a70e80&_nocache=1515588393164816469 HTTP/1.1" 200 7579
::1 - - [10/Jan/2018:20:46:33 +0800] "GET /phpmyadmin/index.php?ajax_request=1&recent_table=1&token=ad914544da01632c2e7a8de1c5051ab2 HTTP/1.1" 200 241
::1 - - [10/Jan/2018:20:46:34 +0800] "GET /phpmyadmin/db_structure.php?server=1&db=jash_websi&token=ad914544da01632c2e7a8de1c5051ab2&ajax_request=true&ajax_page_request=true&menuHashes=24005031-dc894ff4-25d903bb-38b4323b-d2937119-759ede87-10a70e80&_nocache=1515588394660408140 HTTP/1.1" 200 18952
::1 - - [10/Jan/2018:20:46:36 +0800] "GET /phpmyadmin/tbl_change.php?db=jash_websi&token=ad914544da01632c2e7a8de1c5051ab2&goto=db_structure.php&table=department&ajax_request=true&ajax_page_request=true&menuHashes=24005031-dc894ff4-25d903bb-38b4323b-d2937119-759ede87-10a70e80&_nocache=1515588396700983856 HTTP/1.1" 200 29178
::1 - - [10/Jan/2018:20:46:36 +0800] "GET /phpmyadmin/index.php?ajax_request=1&recent_table=1&token=ad914544da01632c2e7a8de1c5051ab2 HTTP/1.1" 200 241
::1 - - [10/Jan/2018:20:46:44 +0800] "POST /phpmyadmin/tbl_replace.php HTTP/1.1" 200 22539
::1 - - [10/Jan/2018:20:46:45 +0800] "GET /phpmyadmin/index.php?ajax_request=1&recent_table=1&token=ad914544da01632c2e7a8de1c5051ab2 HTTP/1.1" 200 241
::1 - - [10/Jan/2018:20:46:49 +0800] "GET /phpmyadmin/db_structure.php?server=1&db=jash_websi&token=ad914544da01632c2e7a8de1c5051ab2&ajax_request=true&ajax_page_request=true&menuHashes=24005031-dc894ff4-25d903bb-38b4323b-d2937119-759ede87-10a70e80&_nocache=1515588409083897832 HTTP/1.1" 200 18950
::1 - - [10/Jan/2018:20:46:51 +0800] "GET /phpmyadmin/sql.php?db=jash_websi&token=ad914544da01632c2e7a8de1c5051ab2&goto=db_structure.php&table=department&pos=0&ajax_request=true&ajax_page_request=true&menuHashes=24005031-dc894ff4-25d903bb-38b4323b-d2937119-759ede87-10a70e80&_nocache=1515588411771398032 HTTP/1.1" 200 18039
::1 - - [10/Jan/2018:20:46:51 +0800] "GET /phpmyadmin/index.php?ajax_request=1&recent_table=1&token=ad914544da01632c2e7a8de1c5051ab2 HTTP/1.1" 200 241
::1 - - [10/Jan/2018:20:46:57 +0800] "GET /phpmyadmin/tbl_change.php?db=jash_websi&table=department&where_clause=%60department%60.%60id%60+%3D+1&clause_is_unique=1&sql_query=SELECT+%2A+FROM+%60department%60&goto=sql.php&default_action=update&token=ad914544da01632c2e7a8de1c5051ab2&ajax_request=true&ajax_page_request=true&menuHashes=24005031-dc894ff4-25d903bb-38b4323b-d2937119-759ede87-10a70e80&_nocache=1515588417724933522 HTTP/1.1" 200 16868
::1 - - [10/Jan/2018:20:46:57 +0800] "GET /phpmyadmin/index.php?ajax_request=1&recent_table=1&token=ad914544da01632c2e7a8de1c5051ab2 HTTP/1.1" 200 241
::1 - - [10/Jan/2018:20:47:02 +0800] "POST /phpmyadmin/tbl_replace.php HTTP/1.1" 200 21175
::1 - - [10/Jan/2018:20:47:02 +0800] "GET /phpmyadmin/index.php?ajax_request=1&recent_table=1&token=ad914544da01632c2e7a8de1c5051ab2 HTTP/1.1" 200 241
::1 - - [10/Jan/2018:20:47:29 +0800] "GET /phpmyadmin/sql.php?db=jash_websi&table=department&token=ad914544da01632c2e7a8de1c5051ab2&ajax_request=true&ajax_page_request=true&menuHashes=24005031-dc894ff4-25d903bb-38b4323b-d2937119-759ede87-10a70e80&_nocache=1515588449658953132 HTTP/1.1" 200 18039
::1 - - [10/Jan/2018:20:47:29 +0800] "GET /phpmyadmin/index.php?ajax_request=1&recent_table=1&token=ad914544da01632c2e7a8de1c5051ab2 HTTP/1.1" 200 241
::1 - - [10/Jan/2018:20:47:30 +0800] "GET /phpmyadmin/tbl_export.php?db=jash_websi&table=department&token=ad914544da01632c2e7a8de1c5051ab2&single_table=true&ajax_request=true&ajax_page_request=true&menuHashes=24005031-dc894ff4-25d903bb-38b4323b-d2937119-759ede87-10a70e80&_nocache=1515588450930386725 HTTP/1.1" 200 35445
::1 - - [10/Jan/2018:20:47:31 +0800] "GET /phpmyadmin/index.php?ajax_request=1&recent_table=1&token=ad914544da01632c2e7a8de1c5051ab2 HTTP/1.1" 200 241
::1 - - [10/Jan/2018:20:47:32 +0800] "POST /phpmyadmin/export.php HTTP/1.1" 200 1149
::1 - - [10/Jan/2018:20:48:10 +0800] "GET /phpmyadmin/db_structure.php?server=1&db=jash_websi&token=ad914544da01632c2e7a8de1c5051ab2&ajax_request=true&ajax_page_request=true&menuHashes=24005031-dc894ff4-25d903bb-38b4323b-d2937119-759ede87-10a70e80&_nocache=151558849031598105 HTTP/1.1" 200 18950
::1 - - [10/Jan/2018:20:48:16 +0800] "GET /phpmyadmin/sql.php?db=jash_websi&token=ad914544da01632c2e7a8de1c5051ab2&goto=db_structure.php&table=department&sql_query=TRUNCATE+%60department%60&message_to_show=%E5%B7%B2%E6%B8%85%E7%A9%BA%E8%A1%A8+department&is_js_confirmed=1&ajax_request=true&_nocache=1515588496156665553 HTTP/1.1" 200 1692
::1 - - [10/Jan/2018:20:48:19 +0800] "GET /phpmyadmin/sql.php?db=jash_websi&token=ad914544da01632c2e7a8de1c5051ab2&goto=db_structure.php&table=department&pos=0&ajax_request=true&ajax_page_request=true&menuHashes=24005031-dc894ff4-25d903bb-38b4323b-d2937119-759ede87-10a70e80&_nocache=1515588499619660552 HTTP/1.1" 200 7579
::1 - - [10/Jan/2018:20:48:19 +0800] "GET /phpmyadmin/index.php?ajax_request=1&recent_table=1&token=ad914544da01632c2e7a8de1c5051ab2 HTTP/1.1" 200 241
::1 - - [10/Jan/2018:20:48:21 +0800] "GET /phpmyadmin/db_structure.php?server=1&db=jash_websi&token=ad914544da01632c2e7a8de1c5051ab2&ajax_request=true&ajax_page_request=true&menuHashes=24005031-dc894ff4-25d903bb-38b4323b-d2937119-759ede87-10a70e80&_nocache=1515588501027670153 HTTP/1.1" 200 18952
::1 - - [10/Jan/2018:20:48:22 +0800] "GET /phpmyadmin/tbl_change.php?db=jash_websi&token=ad914544da01632c2e7a8de1c5051ab2&goto=db_structure.php&table=department&ajax_request=true&ajax_page_request=true&menuHashes=24005031-dc894ff4-25d903bb-38b4323b-d2937119-759ede87-10a70e80&_nocache=1515588502596813289 HTTP/1.1" 200 29178
::1 - - [10/Jan/2018:20:48:22 +0800] "GET /phpmyadmin/index.php?ajax_request=1&recent_table=1&token=ad914544da01632c2e7a8de1c5051ab2 HTTP/1.1" 200 241
::1 - - [10/Jan/2018:20:48:34 +0800] "POST /phpmyadmin/tbl_replace.php HTTP/1.1" 200 22659
::1 - - [10/Jan/2018:20:48:34 +0800] "GET /phpmyadmin/index.php?ajax_request=1&recent_table=1&token=ad914544da01632c2e7a8de1c5051ab2 HTTP/1.1" 200 241
::1 - - [10/Jan/2018:20:48:37 +0800] "GET /phpmyadmin/db_structure.php?server=1&db=jash_websi&token=ad914544da01632c2e7a8de1c5051ab2&ajax_request=true&ajax_page_request=true&menuHashes=24005031-dc894ff4-25d903bb-38b4323b-d2937119-759ede87-10a70e80&_nocache=151558851754078832 HTTP/1.1" 200 18950
::1 - - [10/Jan/2018:20:48:38 +0800] "GET /phpmyadmin/sql.php?db=jash_websi&token=ad914544da01632c2e7a8de1c5051ab2&goto=db_structure.php&table=department&pos=0&ajax_request=true&ajax_page_request=true&menuHashes=24005031-dc894ff4-25d903bb-38b4323b-d2937119-759ede87-10a70e80&_nocache=1515588518932300517 HTTP/1.1" 200 18043
::1 - - [10/Jan/2018:20:48:39 +0800] "GET /phpmyadmin/index.php?ajax_request=1&recent_table=1&token=ad914544da01632c2e7a8de1c5051ab2 HTTP/1.1" 200 241
::1 - - [10/Jan/2018:20:48:57 +0800] "GET /phpmyadmin/db_structure.php?server=1&db=jash_websi&token=ad914544da01632c2e7a8de1c5051ab2&ajax_request=true&ajax_page_request=true&menuHashes=24005031-dc894ff4-25d903bb-38b4323b-d2937119-759ede87-10a70e80&_nocache=151558853709246899 HTTP/1.1" 200 18950
::1 - - [10/Jan/2018:20:48:58 +0800] "GET /phpmyadmin/tbl_change.php?db=jash_websi&token=ad914544da01632c2e7a8de1c5051ab2&goto=db_structure.php&table=department&ajax_request=true&ajax_page_request=true&menuHashes=24005031-dc894ff4-25d903bb-38b4323b-d2937119-759ede87-10a70e80&_nocache=1515588538667280943 HTTP/1.1" 200 29178
::1 - - [10/Jan/2018:20:48:58 +0800] "GET /phpmyadmin/index.php?ajax_request=1&recent_table=1&token=ad914544da01632c2e7a8de1c5051ab2 HTTP/1.1" 200 241
::1 - - [10/Jan/2018:20:49:08 +0800] "POST /phpmyadmin/tbl_replace.php HTTP/1.1" 200 22617
::1 - - [10/Jan/2018:20:49:08 +0800] "GET /phpmyadmin/index.php?ajax_request=1&recent_table=1&token=ad914544da01632c2e7a8de1c5051ab2 HTTP/1.1" 200 241
::1 - - [10/Jan/2018:20:49:10 +0800] "GET /phpmyadmin/sql.php?db=jash_websi&token=ad914544da01632c2e7a8de1c5051ab2&goto=db_structure.php&table=department&pos=0&ajax_request=true&ajax_page_request=true&menuHashes=24005031-dc894ff4-25d903bb-38b4323b-d2937119-759ede87-10a70e80&_nocache=1515588550764655584 HTTP/1.1" 200 21955
::1 - - [10/Jan/2018:20:49:10 +0800] "GET /phpmyadmin/index.php?ajax_request=1&recent_table=1&token=ad914544da01632c2e7a8de1c5051ab2 HTTP/1.1" 200 241
::1 - - [10/Jan/2018:20:57:10 +0800] "GET /phpmyadmin/tbl_sql.php?db=jash_websi&table=department&token=ad914544da01632c2e7a8de1c5051ab2&ajax_request=true&ajax_page_request=true&menuHashes=24005031-dc894ff4-25d903bb-38b4323b-d2937119-759ede87-10a70e80&_nocache=1515589030043603211 HTTP/1.1" 200 8585
::1 - - [10/Jan/2018:20:57:10 +0800] "GET /phpmyadmin/index.php?ajax_request=1&recent_table=1&token=ad914544da01632c2e7a8de1c5051ab2 HTTP/1.1" 200 241
::1 - - [10/Jan/2018:20:57:16 +0800] "POST /phpmyadmin/import.php HTTP/1.1" 200 183
::1 - - [10/Jan/2018:20:57:54 +0800] "POST /phpmyadmin/import.php HTTP/1.1" 200 15807
::1 - - [10/Jan/2018:20:58:09 +0800] "GET /phpmyadmin/tbl_sql.php?db=jash_websi&table=department&token=ad914544da01632c2e7a8de1c5051ab2&ajax_request=true&ajax_page_request=true&menuHashes=dc894ff4-25d903bb-38b4323b-d2937119-759ede87-10a70e80-b73025a0&_nocache=1515589089891308642 HTTP/1.1" 200 5348
::1 - - [10/Jan/2018:20:58:10 +0800] "GET /phpmyadmin/index.php?ajax_request=1&recent_table=1&token=ad914544da01632c2e7a8de1c5051ab2 HTTP/1.1" 200 241
::1 - - [10/Jan/2018:20:58:30 +0800] "POST /phpmyadmin/import.php HTTP/1.1" 200 15828
::1 - - [10/Jan/2018:21:00:41 +0800] "GET /phpmyadmin/index.php?token=ad914544da01632c2e7a8de1c5051ab2&old_usr=root HTTP/1.1" 200 7976
::1 - - [10/Jan/2018:21:00:41 +0800] "GET /phpmyadmin/phpmyadmin.css.php?server=1&token=40a2d85d29b0ce7f44555d2cfa1f6fd4&nocache=4125131112ltr HTTP/1.1" 200 88608
::1 - - [10/Jan/2018:21:08:57 +0800] "GET /context/context13.php HTTP/1.1" 200 5666
::1 - - [10/Jan/2018:21:08:57 +0800] "POST /lib/get_dep_comb.php?value=0 HTTP/1.1" 200 73
::1 - - [10/Jan/2018:21:08:57 +0800] "POST /lib/get_jt_comb.php?value=0 HTTP/1.1" 200 247
::1 - - [10/Jan/2018:21:08:57 +0800] "POST /lib/get_user.php HTTP/1.1" 200 291
::1 - - [10/Jan/2018:21:08:59 +0800] "GET /context/context11.php HTTP/1.1" 200 4478
::1 - - [10/Jan/2018:21:08:59 +0800] "POST /lib/get_job_title.php HTTP/1.1" 200 266
::1 - - [10/Jan/2018:21:09:00 +0800] "GET /context/context12.php HTTP/1.1" 200 4534
::1 - - [10/Jan/2018:21:09:00 +0800] "POST /lib/get_department.php HTTP/1.1" 200 122
::1 - - [10/Jan/2018:21:09:24 +0800] "POST /lib/get_department.php HTTP/1.1" 200 76
::1 - - [10/Jan/2018:21:09:32 +0800] "POST /lib/get_department.php HTTP/1.1" 200 122
::1 - - [10/Jan/2018:21:24:46 +0800] "GET /context/context13.php HTTP/1.1" 200 5666
::1 - - [10/Jan/2018:21:24:46 +0800] "POST /lib/get_dep_comb.php?value=0 HTTP/1.1" 200 73
::1 - - [10/Jan/2018:21:24:46 +0800] "POST /lib/get_jt_comb.php?value=0 HTTP/1.1" 200 247
::1 - - [10/Jan/2018:21:24:47 +0800] "POST /lib/get_user.php HTTP/1.1" 200 291
::1 - - [10/Jan/2018:21:24:48 +0800] "GET /context/context11.php HTTP/1.1" 200 4478
::1 - - [10/Jan/2018:21:24:48 +0800] "POST /lib/get_job_title.php HTTP/1.1" 200 266
::1 - - [10/Jan/2018:21:24:49 +0800] "GET /context/context12.php HTTP/1.1" 200 4830
::1 - - [10/Jan/2018:21:24:49 +0800] "POST /lib/get_dep_comb.php?value=0 HTTP/1.1" 200 73
::1 - - [10/Jan/2018:21:24:49 +0800] "POST /lib/get_department.php HTTP/1.1" 200 162
::1 - - [10/Jan/2018:21:26:37 +0800] "GET /context/context13.php HTTP/1.1" 200 5666
::1 - - [10/Jan/2018:21:26:37 +0800] "POST /lib/get_dep_comb.php?value=0 HTTP/1.1" 200 73
::1 - - [10/Jan/2018:21:26:37 +0800] "POST /lib/get_jt_comb.php?value=0 HTTP/1.1" 200 247
::1 - - [10/Jan/2018:21:26:37 +0800] "POST /lib/get_user.php HTTP/1.1" 200 291
::1 - - [10/Jan/2018:21:26:41 +0800] "GET /context/context12.php HTTP/1.1" 200 4831
::1 - - [10/Jan/2018:21:26:41 +0800] "POST /lib/get_dep_comb.php?value=0 HTTP/1.1" 200 73
::1 - - [10/Jan/2018:21:26:41 +0800] "POST /lib/get_department.php HTTP/1.1" 200 162
::1 - - [10/Jan/2018:21:27:15 +0800] "POST /lib/save_department.php HTTP/1.1" 200 30
::1 - - [10/Jan/2018:21:27:15 +0800] "POST /lib/get_department.php HTTP/1.1" 200 238
::1 - - [10/Jan/2018:21:32:59 +0800] "GET /context/context12.php HTTP/1.1" 200 4833
::1 - - [10/Jan/2018:21:32:59 +0800] "POST /lib/get_dep_comb.php?value=0 HTTP/1.1" 200 106
::1 - - [10/Jan/2018:21:32:59 +0800] "POST /lib/get_department.php HTTP/1.1" 200 238
::1 - - [10/Jan/2018:21:33:09 +0800] "POST /lib/update_department.php?id=3 HTTP/1.1" 200 30
::1 - - [10/Jan/2018:21:33:09 +0800] "POST /lib/get_department.php HTTP/1.1" 200 232
::1 - - [10/Jan/2018:21:33:29 +0800] "POST /lib/update_department.php?id=3 HTTP/1.1" 200 30
::1 - - [10/Jan/2018:21:33:29 +0800] "POST /lib/get_department.php HTTP/1.1" 200 238
::1 - - [10/Jan/2018:21:36:51 +0800] "POST /lib/get_department.php HTTP/1.1" 200 21
::1 - - [10/Jan/2018:21:36:59 +0800] "POST /lib/get_department.php HTTP/1.1" 200 96
::1 - - [10/Jan/2018:21:37:33 +0800] "POST /lib/update_department.php?id=3 HTTP/1.1" 200 30
::1 - - [10/Jan/2018:21:37:33 +0800] "POST /lib/get_department.php HTTP/1.1" 200 90
::1 - - [10/Jan/2018:21:37:38 +0800] "POST /lib/get_department.php HTTP/1.1" 200 232
::1 - - [10/Jan/2018:21:37:53 +0800] "POST /lib/update_department.php?id=3 HTTP/1.1" 200 30
::1 - - [10/Jan/2018:21:37:53 +0800] "POST /lib/get_department.php HTTP/1.1" 200 238
::1 - - [10/Jan/2018:21:38:17 +0800] "POST /lib/save_department.php HTTP/1.1" 200 42
::1 - - [10/Jan/2018:21:38:17 +0800] "POST /lib/get_department.php HTTP/1.1" 200 326
::1 - - [10/Jan/2018:21:38:33 +0800] "POST /lib/destroy_JobTitle.php HTTP/1.1" 200 16
::1 - - [10/Jan/2018:21:38:33 +0800] "POST /lib/get_department.php HTTP/1.1" 200 326
::1 - - [10/Jan/2018:21:39:36 +0800] "POST /lib/destroy_JobTitle.php HTTP/1.1" 200 16
::1 - - [10/Jan/2018:21:39:36 +0800] "POST /lib/get_department.php HTTP/1.1" 200 326
::1 - - [10/Jan/2018:21:39:40 +0800] "GET /context/context12.php HTTP/1.1" 200 4835
::1 - - [10/Jan/2018:21:39:40 +0800] "POST /lib/get_dep_comb.php?value=0 HTTP/1.1" 200 151
::1 - - [10/Jan/2018:21:39:40 +0800] "POST /lib/get_department.php HTTP/1.1" 200 326
::1 - - [10/Jan/2018:21:39:46 +0800] "POST /lib/destroy_department.php HTTP/1.1" 200 16
::1 - - [10/Jan/2018:21:39:46 +0800] "POST /lib/get_department.php HTTP/1.1" 200 238
::1 - - [10/Jan/2018:21:45:01 +0800] "GET /context/context11.php HTTP/1.1" 200 4478
::1 - - [10/Jan/2018:21:45:01 +0800] "POST /lib/get_job_title.php HTTP/1.1" 200 221
::1 - - [10/Jan/2018:21:45:03 +0800] "GET /context/context12.php HTTP/1.1" 200 4835
::1 - - [10/Jan/2018:21:45:03 +0800] "POST /lib/get_dep_comb.php?value=0 HTTP/1.1" 200 106
::1 - - [10/Jan/2018:21:45:03 +0800] "POST /lib/get_department.php HTTP/1.1" 200 238
::1 - - [10/Jan/2018:21:45:06 +0800] "GET /context/context13.php HTTP/1.1" 200 5666
::1 - - [10/Jan/2018:21:45:06 +0800] "POST /lib/get_dep_comb.php?value=0 HTTP/1.1" 200 106
::1 - - [10/Jan/2018:21:45:06 +0800] "POST /lib/get_jt_comb.php?value=0 HTTP/1.1" 200 202
::1 - - [10/Jan/2018:21:45:06 +0800] "POST /lib/get_user.php HTTP/1.1" 200 291
::1 - - [10/Jan/2018:21:45:26 +0800] "POST /lib/get_user.php HTTP/1.1" 200 291
::1 - - [10/Jan/2018:21:48:26 +0800] "POST /lib/update_user.php?id=1 HTTP/1.1" 200 36
::1 - - [10/Jan/2018:21:48:26 +0800] "POST /lib/get_user.php HTTP/1.1" 200 291
::1 - - [10/Jan/2018:21:48:42 +0800] "POST /lib/get_user.php HTTP/1.1" 200 21
::1 - - [10/Jan/2018:21:48:46 +0800] "POST /lib/get_user.php HTTP/1.1" 200 291
::1 - - [10/Jan/2018:21:48:57 +0800] "GET /left-menu/base-menu.php HTTP/1.1" 200 2185
